<?xml version="1.0" encoding="UTF-8"?>
<!-- Generated by org.testng.reporters.JUnitXMLReporter -->
<testsuite ignored="0" hostname="DESKTOP-1U1S0Q0" failures="1" tests="5" name="Surefire test" time="31.48" errors="0" timestamp="2024-02-22T23:17:56 IST">
  <testcase classname="Tests.ErrorValidationTest" name="LoginErrorValidation" time="0.881">
    <skipped/>
  </testcase> <!-- LoginErrorValidation -->
  <testcase classname="Tests.ErrorValidationTest" name="LoginErrorValidation" time="0.877">
    <failure type="java.lang.AssertionError" message="expected [Incorrect email or password.] but found [Incorrect email or password1.]">
      <![CDATA[java.lang.AssertionError: expected [Incorrect email or password.] but found [Incorrect email or password1.]
at Tests.ErrorValidationTest.LoginErrorValidation(ErrorValidationTest.java:34)
at java.base/java.util.ArrayList.forEach(ArrayList.java:1596)
... Removed 36 stack frames]]>
    </failure>
  </testcase> <!-- LoginErrorValidation -->
  <testcase classname="Tests.ErrorValidationTest" name="productErrorValidation" time="2.776"/>
  <testcase classname="Tests.SubmitOrderTest" name="submitOrder" time="3.454"/>
  <testcase classname="Tests.SubmitOrderTest" name="orderhistorytest" time="0.556"/>
</testsuite> <!-- Surefire test -->
